  BloqueFijo.cpp
C:\Users\dante\OneDrive\Escritorio\Dante\DANTE NO BORRAR\Utn\Segundo Cuatrimestre\Labo2\Bomberman\Inamovibles.h(12,80): warning C4244: 'argumento': conversión de 'double' a 'float'; posible pérdida de datos
C:\Users\dante\OneDrive\Escritorio\Dante\DANTE NO BORRAR\Utn\Segundo Cuatrimestre\Labo2\Bomberman\Inamovibles.h(12,66): warning C4244: 'argumento': conversión de 'double' a 'float'; posible pérdida de datos
C:\Users\dante\OneDrive\Escritorio\Dante\DANTE NO BORRAR\Utn\Segundo Cuatrimestre\Labo2\Bomberman\BloqueFijo.cpp(29,43): warning C4244: 'argumento': conversión de 'double' a 'float'; posible pérdida de datos
  BloquesDestruibles.cpp
C:\Users\dante\OneDrive\Escritorio\Dante\DANTE NO BORRAR\Utn\Segundo Cuatrimestre\Labo2\Bomberman\Inamovibles.h(12,80): warning C4244: 'argumento': conversión de 'double' a 'float'; posible pérdida de datos
C:\Users\dante\OneDrive\Escritorio\Dante\DANTE NO BORRAR\Utn\Segundo Cuatrimestre\Labo2\Bomberman\Inamovibles.h(12,66): warning C4244: 'argumento': conversión de 'double' a 'float'; posible pérdida de datos
C:\Users\dante\OneDrive\Escritorio\Dante\DANTE NO BORRAR\Utn\Segundo Cuatrimestre\Labo2\Bomberman\BloquesDestruibles.cpp(15,37): warning C4244: 'argumento': conversión de 'double' a 'float'; posible pérdida de datos
C:\Users\dante\OneDrive\Escritorio\Dante\DANTE NO BORRAR\Utn\Segundo Cuatrimestre\Labo2\Bomberman\BloquesDestruibles.cpp(15,26): warning C4244: 'argumento': conversión de 'double' a 'float'; posible pérdida de datos
  Bomba.cpp
C:\Users\dante\OneDrive\Escritorio\Dante\DANTE NO BORRAR\Utn\Segundo Cuatrimestre\Labo2\Bomberman\Inamovibles.h(12,80): warning C4244: 'argumento': conversión de 'double' a 'float'; posible pérdida de datos
C:\Users\dante\OneDrive\Escritorio\Dante\DANTE NO BORRAR\Utn\Segundo Cuatrimestre\Labo2\Bomberman\Inamovibles.h(12,66): warning C4244: 'argumento': conversión de 'double' a 'float'; posible pérdida de datos
  BoostBomba.cpp
  BoostVelocidad.cpp
  Colisionable.cpp
  Enemigo.cpp
C:\Users\dante\OneDrive\Escritorio\Dante\DANTE NO BORRAR\Utn\Segundo Cuatrimestre\Labo2\Bomberman\Inamovibles.h(12,80): warning C4244: 'argumento': conversión de 'double' a 'float'; posible pérdida de datos
C:\Users\dante\OneDrive\Escritorio\Dante\DANTE NO BORRAR\Utn\Segundo Cuatrimestre\Labo2\Bomberman\Inamovibles.h(12,66): warning C4244: 'argumento': conversión de 'double' a 'float'; posible pérdida de datos
  Fuego.cpp
C:\Users\dante\OneDrive\Escritorio\Dante\DANTE NO BORRAR\Utn\Segundo Cuatrimestre\Labo2\Bomberman\Inamovibles.h(12,80): warning C4244: 'argumento': conversión de 'double' a 'float'; posible pérdida de datos
C:\Users\dante\OneDrive\Escritorio\Dante\DANTE NO BORRAR\Utn\Segundo Cuatrimestre\Labo2\Bomberman\Inamovibles.h(12,66): warning C4244: 'argumento': conversión de 'double' a 'float'; posible pérdida de datos
  Inamovibles.cpp
C:\Users\dante\OneDrive\Escritorio\Dante\DANTE NO BORRAR\Utn\Segundo Cuatrimestre\Labo2\Bomberman\Inamovibles.h(12,80): warning C4244: 'argumento': conversión de 'double' a 'float'; posible pérdida de datos
C:\Users\dante\OneDrive\Escritorio\Dante\DANTE NO BORRAR\Utn\Segundo Cuatrimestre\Labo2\Bomberman\Inamovibles.h(12,66): warning C4244: 'argumento': conversión de 'double' a 'float'; posible pérdida de datos
  Juego.cpp
C:\Users\dante\OneDrive\Escritorio\Dante\DANTE NO BORRAR\Utn\Segundo Cuatrimestre\Labo2\Bomberman\Inamovibles.h(12,80): warning C4244: 'argumento': conversión de 'double' a 'float'; posible pérdida de datos
C:\Users\dante\OneDrive\Escritorio\Dante\DANTE NO BORRAR\Utn\Segundo Cuatrimestre\Labo2\Bomberman\Inamovibles.h(12,66): warning C4244: 'argumento': conversión de 'double' a 'float'; posible pérdida de datos
C:\Users\dante\OneDrive\Escritorio\Dante\DANTE NO BORRAR\Utn\Segundo Cuatrimestre\Labo2\Bomberman\Juego.cpp(73,28): warning C4305: 'argumento': truncamiento de 'double' a 'float'
C:\Users\dante\OneDrive\Escritorio\Dante\DANTE NO BORRAR\Utn\Segundo Cuatrimestre\Labo2\Bomberman\Juego.cpp(73,23): warning C4305: 'argumento': truncamiento de 'double' a 'float'
  main.cpp
C:\Users\dante\OneDrive\Escritorio\Dante\DANTE NO BORRAR\Utn\Segundo Cuatrimestre\Labo2\Bomberman\Menu.h(3,10): warning C4067: símbolos (token) inesperados después de la directiva del preprocesador; se esperaba una nueva línea
C:\Users\dante\OneDrive\Escritorio\Dante\DANTE NO BORRAR\Utn\Segundo Cuatrimestre\Labo2\Bomberman\Inamovibles.h(12,80): warning C4244: 'argumento': conversión de 'double' a 'float'; posible pérdida de datos
C:\Users\dante\OneDrive\Escritorio\Dante\DANTE NO BORRAR\Utn\Segundo Cuatrimestre\Labo2\Bomberman\Inamovibles.h(12,66): warning C4244: 'argumento': conversión de 'double' a 'float'; posible pérdida de datos
  Mapa.cpp
C:\Users\dante\OneDrive\Escritorio\Dante\DANTE NO BORRAR\Utn\Segundo Cuatrimestre\Labo2\Bomberman\Inamovibles.h(12,80): warning C4244: 'argumento': conversión de 'double' a 'float'; posible pérdida de datos
C:\Users\dante\OneDrive\Escritorio\Dante\DANTE NO BORRAR\Utn\Segundo Cuatrimestre\Labo2\Bomberman\Inamovibles.h(12,66): warning C4244: 'argumento': conversión de 'double' a 'float'; posible pérdida de datos
  Menu.cpp
C:\Users\dante\OneDrive\Escritorio\Dante\DANTE NO BORRAR\Utn\Segundo Cuatrimestre\Labo2\Bomberman\Menu.h(3,10): warning C4067: símbolos (token) inesperados después de la directiva del preprocesador; se esperaba una nueva línea
C:\Users\dante\OneDrive\Escritorio\Dante\DANTE NO BORRAR\Utn\Segundo Cuatrimestre\Labo2\Bomberman\Inamovibles.h(12,80): warning C4244: 'argumento': conversión de 'double' a 'float'; posible pérdida de datos
C:\Users\dante\OneDrive\Escritorio\Dante\DANTE NO BORRAR\Utn\Segundo Cuatrimestre\Labo2\Bomberman\Inamovibles.h(12,66): warning C4244: 'argumento': conversión de 'double' a 'float'; posible pérdida de datos
C:\Users\dante\OneDrive\Escritorio\Dante\DANTE NO BORRAR\Utn\Segundo Cuatrimestre\Labo2\Bomberman\Menu.cpp(229,36): warning C4244: 'argumento': conversión de 'int' a 'float'; posible pérdida de datos
C:\Users\dante\OneDrive\Escritorio\Dante\DANTE NO BORRAR\Utn\Segundo Cuatrimestre\Labo2\Bomberman\Menu.cpp(604,49): warning C4244: 'argumento': conversión de 'int' a 'T'; posible pérdida de datos
          with
          [
              T=float
          ]
  Movibles.cpp
C:\Users\dante\OneDrive\Escritorio\Dante\DANTE NO BORRAR\Utn\Segundo Cuatrimestre\Labo2\Bomberman\Inamovibles.h(12,80): warning C4244: 'argumento': conversión de 'double' a 'float'; posible pérdida de datos
C:\Users\dante\OneDrive\Escritorio\Dante\DANTE NO BORRAR\Utn\Segundo Cuatrimestre\Labo2\Bomberman\Inamovibles.h(12,66): warning C4244: 'argumento': conversión de 'double' a 'float'; posible pérdida de datos
  Nivel2.cpp
C:\Users\dante\OneDrive\Escritorio\Dante\DANTE NO BORRAR\Utn\Segundo Cuatrimestre\Labo2\Bomberman\Inamovibles.h(12,80): warning C4244: 'argumento': conversión de 'double' a 'float'; posible pérdida de datos
C:\Users\dante\OneDrive\Escritorio\Dante\DANTE NO BORRAR\Utn\Segundo Cuatrimestre\Labo2\Bomberman\Inamovibles.h(12,66): warning C4244: 'argumento': conversión de 'double' a 'float'; posible pérdida de datos
  Nivel3.cpp
C:\Users\dante\OneDrive\Escritorio\Dante\DANTE NO BORRAR\Utn\Segundo Cuatrimestre\Labo2\Bomberman\Inamovibles.h(12,80): warning C4244: 'argumento': conversión de 'double' a 'float'; posible pérdida de datos
C:\Users\dante\OneDrive\Escritorio\Dante\DANTE NO BORRAR\Utn\Segundo Cuatrimestre\Labo2\Bomberman\Inamovibles.h(12,66): warning C4244: 'argumento': conversión de 'double' a 'float'; posible pérdida de datos
C:\Users\dante\OneDrive\Escritorio\Dante\DANTE NO BORRAR\Utn\Segundo Cuatrimestre\Labo2\Bomberman\Nivel3.cpp(105,36): warning C4305: 'argumento': truncamiento de 'double' a 'float'
  Player.cpp
C:\Users\dante\OneDrive\Escritorio\Dante\DANTE NO BORRAR\Utn\Segundo Cuatrimestre\Labo2\Bomberman\Inamovibles.h(12,80): warning C4244: 'argumento': conversión de 'double' a 'float'; posible pérdida de datos
C:\Users\dante\OneDrive\Escritorio\Dante\DANTE NO BORRAR\Utn\Segundo Cuatrimestre\Labo2\Bomberman\Inamovibles.h(12,66): warning C4244: 'argumento': conversión de 'double' a 'float'; posible pérdida de datos
  PuertaVictoria.cpp
C:\Users\dante\OneDrive\Escritorio\Dante\DANTE NO BORRAR\Utn\Segundo Cuatrimestre\Labo2\Bomberman\Inamovibles.h(12,80): warning C4244: 'argumento': conversión de 'double' a 'float'; posible pérdida de datos
C:\Users\dante\OneDrive\Escritorio\Dante\DANTE NO BORRAR\Utn\Segundo Cuatrimestre\Labo2\Bomberman\Inamovibles.h(12,66): warning C4244: 'argumento': conversión de 'double' a 'float'; posible pérdida de datos
  Ejecutando análisis del código para C/C++...
  Generando código...
C:\Users\dante\OneDrive\Escritorio\Dante\DANTE NO BORRAR\Utn\Segundo Cuatrimestre\Labo2\Bomberman\Mapa.cpp(178): warning C4715: 'Mapa::comprobarColisionBoostBomba': no todas las rutas de acceso de control devuelven un valor
  MenuFinal.vcxproj -> C:\Users\dante\OneDrive\Escritorio\Dante\DANTE NO BORRAR\Utn\Segundo Cuatrimestre\Labo2\Bomberman\x64\Debug\MenuFinal.exe
